══════════════════════════════════════════════════════════
  EVERYTHING TRADE — DAILY CHECK-IN
══════════════════════════════════════════════════════════

🚀 Menjalankan check-in untuk 3 akun (konkurensi: 5)...

  ✅ [3/3] oliver1qjy   — Berhasil
  ✅ [1/3] kenjij1re    — Berhasil
  ✅ [2/3] oliverad9b   — Berhasil

💾 Token baru telah disimpan ke data/accounts.json (Total akun aman: 3)

══════════════════════════════════════════════════════════
  📊 SUMMARY
══════════════════════════════════════════════════════════
  ✅ Berhasil : 3
  ❌ Gagal    : 0
  ⏱️  Waktu    : 0.6s
══════════════════════════════════════════════════════════
══════════════════════════════════════════════════════════
  EVERYTHING TRADE — DAILY CHECK-IN
══════════════════════════════════════════════════════════

🚀 Menjalankan check-in untuk 371 akun (konkurensi: 5)...

  ✅ [2/371] oliverad9b   — Berhasil
  ✅ [1/371] kenjij1re    — Berhasil
  ✅ [3/371] oliver1qjy   — Berhasil
  ✅ [5/371] miaah8y      — Berhasil
  ✅ [4/371] dimas12ht    — Berhasil
  ✅ [8/371] elena700e    — Berhasil
  ✅ [9/371] alexb69o     — Berhasil
  ✅ [7/371] alexffsf     — Berhasil
  ✅ [10/371] marconm8v    — Berhasil
  ✅ [6/371] viktor5ztq   — Berhasil
  ✅ [15/371] viktorplu1   — Berhasil
  ✅ [12/371] chloel9in    — Berhasil
  ✅ [13/371] dimasteym    — Berhasil
  ✅ [11/371] chloer0fw    — Berhasil
  ✅ [14/371] chloewlmg    — Berhasil
  ✅ [16/371] kevinuo8t    — Berhasil
  ✅ [20/371] nicolas2rqn  — Berhasil
  ✅ [18/371] liamt7kb     — Berhasil
  ✅ [19/371] nicolasz8eu  — Berhasil
  ✅ [17/371] elena68ba    — Berhasil
  ✅ [21/371] alexfvgm     — Berhasil
  ✅ [24/371] kenjibvu6    — Berhasil
  ✅ [22/371] chloef1v6    — Berhasil
  ✅ [23/371] nicolas5lqo  — Berhasil
  ✅ [25/371] alex8gek     — Berhasil
  ✅ [30/371] sota7cmj     — Berhasil
  ✅ [28/371] kenjilah3    — Berhasil
  ✅ [29/371] kevinqtjx    — Berhasil
  ✅ [27/371] dimas5vs6    — Berhasil
  ✅ [26/371] sotamo8k     — Berhasil
  ✅ [32/371] liami23b     — Berhasil
  ✅ [31/371] rayhanboey   — Berhasil
  ✅ [33/371] liamyu6p     — Berhasil
  ✅ [35/371] rayhanhiab   — Berhasil
  ✅ [34/371] viktorjaad   — Berhasil
  ✅ [36/371] rayhanljxi   — Berhasil
  ✅ [38/371] marcotcha    — Berhasil
  ✅ [39/371] alexc0rz     — Berhasil
  ✅ [37/371] dimasatab    — Berhasil
  ✅ [40/371] kevinszrl    — Berhasil
  ✅ [44/371] liamebkh     — Berhasil
  ✅ [41/371] mia5xnv      — Berhasil
  ✅ [42/371] kenjijbiv    — Berhasil
  ✅ [45/371] kenjicrbi    — Berhasil
  ✅ [43/371] elenablyt    — Berhasil
  ✅ [48/371] marcoq4ql    — Berhasil
  ✅ [50/371] sotabogu     — Berhasil
  ✅ [49/371] sota1m9n     — Berhasil
  ✅ [46/371] viktorggds   — Berhasil
  ✅ [47/371] viktor9v74   — Berhasil
  ✅ [52/371] oliverhap2   — Berhasil
  ✅ [53/371] chloeippm    — Berhasil
  ✅ [54/371] chloerjfw    — Berhasil
  ✅ [51/371] nicolasuzda  — Berhasil
  ✅ [55/371] alexc7r5     — Berhasil
  ✅ [60/371] nicolas5l90  — Berhasil
  ✅ [56/371] viktorvxc8   — Berhasil
  ✅ [58/371] rayhan9r3t   — Berhasil
  ✅ [59/371] liamqx27     — Berhasil
  ✅ [57/371] olivermdhk   — Berhasil
  ✅ [63/371] sota5fft     — Berhasil
  ✅ [61/371] oliverz1sg   — Berhasil
  ✅ [62/371] marcok3ce    — Berhasil
  ✅ [65/371] alexd28h     — Berhasil
  ✅ [64/371] alex4n70     — Berhasil
  ✅ [69/371] alexm7j1     — Berhasil
  ✅ [66/371] rayhan9jeu   — Berhasil
  ✅ [70/371] marcoiilq    — Berhasil
  ✅ [67/371] miaoi3l      — Berhasil
  ✅ [68/371] sota51ee     — Berhasil
  ✅ [72/371] oliverys5p   — Berhasil
  ✅ [73/371] kevinhxod    — Berhasil
  ✅ [74/371] nicolas5dk9  — Berhasil
  ✅ [71/371] liamznks     — Berhasil
  ✅ [75/371] kevingnro    — Berhasil
  ✅ [79/371] kenjiyj3n    — Berhasil
  ✅ [80/371] nicolas45yv  — Berhasil
  ✅ [78/371] mias13r      — Berhasil
  ✅ [77/371] oliver1wag   — Berhasil
  ✅ [76/371] kenjiy46u    — Berhasil
  ✅ [83/371] kenjixya8    — Berhasil
  ✅ [82/371] rayhant2xs   — Berhasil
  ✅ [81/371] sotapc56     — Berhasil
  ✅ [85/371] rayhanr04h   — Berhasil
  ✅ [84/371] elena1byx    — Berhasil
  ✅ [89/371] liamfs6i     — Berhasil
  ✅ [86/371] nicolas8r2p  — Berhasil
  ✅ [90/371] elena2hra    — Berhasil
  ✅ [87/371] nicolas49t4  — Berhasil
  ✅ [88/371] chloejqmo    — Berhasil
  ✅ [93/371] oliverbiu1   — Berhasil
  ✅ [95/371] oliverrzma   — Berhasil
  ✅ [92/371] nicolasqq0o  — Berhasil
  ✅ [91/371] kenji9lzi    — Berhasil
  ✅ [94/371] chloe3pwx    — Berhasil
  ✅ [100/371] sotaduhi     — Berhasil
  ✅ [96/371] kevin5qw6    — Berhasil
  ✅ [99/371] dimasm4dk    — Berhasil
  ✅ [97/371] kevinfqc2    — Berhasil
  ✅ [98/371] oliveructs   — Berhasil
  ✅ [102/371] sota6xjb     — Berhasil
  ✅ [101/371] alexlp7s     — Berhasil
  ✅ [105/371] mia46si      — Berhasil
  ✅ [103/371] viktord2sq   — Berhasil
  ✅ [104/371] marcoxvb4    — Berhasil
  ✅ [107/371] alexdiud     — Berhasil
  ✅ [106/371] marco8vum    — Berhasil
  ✅ [110/371] dimasmnwu    — Berhasil
  ✅ [109/371] sotaue5d     — Berhasil
  ✅ [108/371] kenjiyjfu    — Berhasil
  ✅ [112/371] elenaka4a    — Berhasil
  ✅ [115/371] oliver4r8g   — Berhasil
  ✅ [113/371] marco5298    — Berhasil
  ✅ [111/371] elenavruf    — Berhasil
  ✅ [114/371] sota7xt9     — Berhasil
  ✅ [117/371] marco0clt    — Berhasil
  ✅ [118/371] marcoebqz    — Berhasil
  ✅ [119/371] elenawhfg    — Berhasil
  ✅ [116/371] viktorczqj   — Berhasil
  ✅ [120/371] viktorbyrz   — Berhasil
  ✅ [124/371] viktorfaum   — Berhasil
  ✅ [122/371] kenji3tkb    — Berhasil
  ✅ [121/371] chloegpva    — Berhasil
  ✅ [125/371] alexsja3     — Berhasil
  ✅ [123/371] liam3nsu     — Berhasil
  ✅ [130/371] oliverov7l   — Berhasil
  ✅ [126/371] dimaswhlv    — Berhasil
  ✅ [129/371] chloex9ly    — Berhasil
  ✅ [127/371] viktorn9f9   — Berhasil
  ✅ [128/371] oliver3g2s   — Berhasil
  ✅ [134/371] chloe9yfm    — Berhasil
  ✅ [135/371] sota8ld4     — Berhasil
  ✅ [133/371] miagdd0      — Berhasil
  ✅ [131/371] oliverlh2f   — Berhasil
  ✅ [132/371] nicolaseqc8  — Berhasil
  ✅ [138/371] marco79mg    — Berhasil
  ✅ [140/371] elenalfr1    — Berhasil
  ✅ [136/371] kenji4dgv    — Berhasil
  ✅ [139/371] kenjir8jf    — Berhasil
  ✅ [137/371] dimas5u2n    — Berhasil
  ✅ [141/371] marco02bq    — Berhasil
  ✅ [145/371] chloeien3    — Berhasil
  ✅ [143/371] chloe9u3u    — Berhasil
  ✅ [144/371] viktorl8et   — Berhasil
  ✅ [142/371] sotadx96     — Berhasil
  ✅ [146/371] liam6srq     — Berhasil
  ✅ [150/371] kevingaqk    — Berhasil
  ✅ [148/371] nicolasa5wh  — Berhasil
  ✅ [147/371] marcoigrp    — Berhasil
  ✅ [149/371] elenaghh5    — Berhasil
  ✅ [155/371] chloec9qu    — Berhasil
  ✅ [153/371] nicolasiikl  — Berhasil
  ✅ [152/371] kevinhbmq    — Berhasil
  ✅ [151/371] viktornhg2   — Berhasil
  ✅ [154/371] nicolaspknz  — Berhasil
  ✅ [159/371] sota74wo     — Berhasil
  ✅ [160/371] alexflrs     — Berhasil
  ✅ [158/371] nicolaskrxf  — Berhasil
  ✅ [157/371] miaw58f      — Berhasil
  ✅ [156/371] kenjik36p    — Berhasil
  ✅ [161/371] sotaz365     — Berhasil
  ✅ [165/371] rayhan14gy   — Berhasil
  ✅ [164/371] chloef7xm    — Berhasil
  ✅ [163/371] elenaes73    — Berhasil
  ✅ [162/371] rayhan74lr   — Berhasil
  ✅ [166/371] oliver6cni   — Berhasil
  ✅ [170/371] oliverb2p7   — Berhasil
  ✅ [167/371] elenahl5n    — Berhasil
  ✅ [169/371] nicolas81tx  — Berhasil
  ✅ [168/371] marcoivi5    — Berhasil
  ✅ [173/371] sota8rw1     — Berhasil
  ✅ [174/371] miay2ky      — Berhasil
  ✅ [175/371] viktoreu6w   — Berhasil
  ✅ [172/371] viktorzutm   — Berhasil
  ✅ [171/371] oliverpw3x   — Berhasil
  ✅ [179/371] mia8cln      — Berhasil
  ✅ [176/371] alexv7ke     — Berhasil
  ✅ [180/371] alex5ed3     — Berhasil
  ✅ [177/371] marcowa5f    — Berhasil
  ✅ [178/371] viktors75o   — Berhasil
  ✅ [184/371] miavezg      — Berhasil
  ✅ [182/371] kenjijpzq    — Berhasil
  ✅ [181/371] kenjicpq6    — Berhasil
  ✅ [183/371] nicolaswf69  — Berhasil
  ✅ [185/371] kevin6wbd    — Berhasil
  ✅ [187/371] mia5vna      — Berhasil
  ✅ [188/371] miarh1k      — Berhasil
  ✅ [189/371] kevin92wv    — Berhasil
  ✅ [190/371] alex1oj6     — Berhasil
  ✅ [186/371] kenjixx6m    — Berhasil
  ✅ [191/371] sotazyqn     — Berhasil
  ✅ [192/371] liamnuew     — Berhasil
  ✅ [193/371] oliverqbe2   — Berhasil
  ✅ [195/371] nicolasrumf  — Berhasil
  ✅ [194/371] alexwgqg     — Berhasil
  ✅ [199/371] liami40q     — Berhasil
  ✅ [200/371] rayhankgxn   — Berhasil
  ✅ [197/371] viktor487e   — Berhasil
  ✅ [198/371] elenao4fw    — Berhasil
  ✅ [196/371] chloe1dzc    — Berhasil
  ✅ [201/371] liamj3m6     — Berhasil
  ✅ [203/371] chloevd0s    — Berhasil
  ✅ [204/371] kenjihhng    — Berhasil
  ✅ [205/371] kevinocl0    — Berhasil
  ✅ [202/371] kenjisx44    — Berhasil
  ✅ [209/371] chloeyifq    — Berhasil
  ✅ [210/371] oliver0041   — Berhasil
  ✅ [207/371] viktorye75   — Berhasil
  ✅ [206/371] kenjizzmo    — Berhasil
  ✅ [208/371] oliverwudo   — Berhasil
  ✅ [211/371] marcoop7r    — Berhasil
  ✅ [212/371] alexg1vn     — Berhasil
  ✅ [215/371] oliver9glx   — Berhasil
  ✅ [214/371] kevin2y7a    — Berhasil
  ✅ [213/371] elenaynvo    — Berhasil
  ✅ [216/371] dimasjdap    — Berhasil
  ✅ [217/371] dimasy7df    — Berhasil
  ✅ [220/371] kenjiqzs4    — Berhasil
  ✅ [219/371] mia6970      — Berhasil
  ✅ [218/371] oliverz69e   — Berhasil
  ✅ [224/371] alexpksj     — Berhasil
  ✅ [222/371] miabvmz      — Berhasil
  ✅ [225/371] elena446u    — Berhasil
  ✅ [223/371] chloeoux8    — Berhasil
  ✅ [221/371] nicolasby1s  — Berhasil
  ✅ [230/371] dimas4wih    — Berhasil
  ✅ [229/371] oliverk5b2   — Berhasil
  ✅ [226/371] dimas0uc0    — Berhasil
  ✅ [228/371] elenahy3a    — Berhasil
  ✅ [227/371] elenaotve    — Berhasil
  ✅ [235/371] rayhanlwi0   — Berhasil
  ✅ [231/371] nicolas0jr7  — Berhasil
  ✅ [232/371] nicolaswmxo  — Berhasil
  ✅ [234/371] miammmo      — Berhasil
  ✅ [233/371] kenjisyjm    — Berhasil
  ✅ [240/371] kenji1ziw    — Berhasil
  ✅ [237/371] oliverj1ew   — Berhasil
  ✅ [236/371] sota72vu     — Berhasil
  ✅ [238/371] liamh2ii     — Berhasil
  ✅ [239/371] alexehg2     — Berhasil
  ✅ [242/371] alexb0ba     — Berhasil
  ✅ [245/371] dimasthmq    — Berhasil
  ✅ [241/371] liamil33     — Berhasil
  ✅ [244/371] kevinyi9r    — Berhasil
  ✅ [243/371] kenjij4cf    — Berhasil
  ✅ [249/371] alex9vux     — Berhasil
  ✅ [250/371] chloeeuzy    — Berhasil
  ✅ [247/371] kevinqhhu    — Berhasil
  ✅ [248/371] kevin71fn    — Berhasil
  ✅ [246/371] liamy617     — Berhasil
  ✅ [255/371] dimasvy6x    — Berhasil
  ✅ [253/371] rayhansv8j   — Berhasil
  ✅ [254/371] nicolas6j4m  — Berhasil
  ✅ [252/371] kevin732j    — Berhasil
  ✅ [251/371] alexg75y     — Berhasil
  ✅ [259/371] alex75e6     — Berhasil
  ✅ [260/371] marcoewsq    — Berhasil
  ✅ [256/371] kevin64nz    — Berhasil
  ✅ [257/371] oliverzjh1   — Berhasil
  ✅ [258/371] kevinx0m8    — Berhasil
  ✅ [265/371] dimas5z3o    — Berhasil
  ✅ [262/371] kevinh5vb    — Berhasil
  ✅ [263/371] kenjity19    — Berhasil
  ✅ [264/371] rayhan7fsj   — Berhasil
  ✅ [261/371] dimas5di6    — Berhasil
  ✅ [268/371] rayhanhpah   — Berhasil
  ✅ [267/371] nicolasbpm0  — Berhasil
  ✅ [269/371] marcozmel    — Berhasil
  ✅ [266/371] liamq7ff     — Berhasil
  ✅ [270/371] viktore9re   — Berhasil
  ✅ [274/371] sotaojs3     — Berhasil
  ✅ [271/371] alexfmee     — Berhasil
  ✅ [275/371] sota03vx     — Berhasil
  ✅ [273/371] nicolaseiwu  — Berhasil
  ✅ [272/371] kevin5fm8    — Berhasil
  ✅ [278/371] chloekrfu    — Berhasil
  ✅ [279/371] kevinri3l    — Berhasil
  ✅ [280/371] oliver76kc   — Berhasil
  ✅ [277/371] dimaskfd6    — Berhasil
  ✅ [276/371] kenjiqlej    — Berhasil
  ✅ [285/371] marcom6vd    — Berhasil
  ✅ [282/371] elena6k8r    — Berhasil
  ✅ [284/371] kenjirir3    — Berhasil
  ✅ [283/371] kevindm4m    — Berhasil
  ✅ [281/371] kenjifdko    — Berhasil
  ✅ [288/371] nicolas2715  — Berhasil
  ✅ [290/371] oliver9poc   — Berhasil
  ✅ [286/371] dimaswk1q    — Berhasil
  ✅ [289/371] liammhfv     — Berhasil
  ✅ [287/371] nicolaska1r  — Berhasil
  ✅ [294/371] chloevalt    — Berhasil
  ✅ [295/371] elenabgr8    — Berhasil
  ✅ [291/371] marcoy0me    — Berhasil
  ✅ [292/371] liamgfzo     — Berhasil
  ✅ [293/371] chloep0d4    — Berhasil
  ✅ [296/371] chloe4pj5    — Berhasil
  ✅ [298/371] miaople      — Berhasil
  ✅ [300/371] nicolas0vs0  — Berhasil
  ✅ [299/371] rayhan4m7x   — Berhasil
  ✅ [297/371] kevinbszi    — Berhasil
  ✅ [303/371] rayhaneww8   — Berhasil
  ✅ [301/371] marcobv3p    — Berhasil
  ✅ [302/371] elenaqd2s    — Berhasil
  ✅ [304/371] kenjiymhx    — Berhasil
  ✅ [305/371] rayhandxug   — Berhasil
  ✅ [310/371] liamvcdx     — Berhasil
  ✅ [306/371] elenas77o    — Berhasil
  ✅ [308/371] nicolaszjgn  — Berhasil
  ✅ [309/371] rayhan6jhw   — Berhasil
  ✅ [307/371] alex1888     — Berhasil
  ✅ [311/371] oliversx3b   — Berhasil
  ✅ [313/371] chloewklu    — Berhasil
  ✅ [312/371] chloepvsg    — Berhasil
  ✅ [315/371] rayhan1hyg   — Berhasil
  ✅ [314/371] nicolasf52z  — Berhasil
  ✅ [318/371] liamn909     — Berhasil
  ✅ [317/371] dimas4jgr    — Berhasil
  ✅ [320/371] rayhand086   — Berhasil
  ✅ [316/371] alexdr83     — Berhasil
  ✅ [319/371] oliver8na5   — Berhasil
  ✅ [322/371] kevinzz5v    — Berhasil
  ✅ [324/371] liam2w7i     — Berhasil
  ✅ [323/371] dimaschas    — Berhasil
  ✅ [321/371] marco8m8o    — Berhasil
  ✅ [325/371] alex2t98     — Berhasil
  ✅ [327/371] kevinpu97    — Berhasil
  ✅ [329/371] rayhanguel   — Berhasil
  ✅ [326/371] miapao6      — Berhasil
  ✅ [330/371] kenji0hgj    — Berhasil
  ✅ [328/371] kenji1brk    — Berhasil
  ✅ [334/371] kevinc9aw    — Berhasil
  ✅ [332/371] kenjihypj    — Berhasil
  ✅ [333/371] liamn5y0     — Berhasil
  ✅ [331/371] kevin7y73    — Berhasil
  ✅ [335/371] rayhana0vz   — Berhasil
  ✅ [336/371] kenjigxqk    — Berhasil
  ✅ [340/371] kevinlxwj    — Berhasil
  ✅ [339/371] oliverrv10   — Berhasil
  ✅ [337/371] viktornvm6   — Berhasil
  ✅ [338/371] oliver6elo   — Berhasil
  ✅ [344/371] kevinlk5c    — Berhasil
  ✅ [345/371] oliverznxq   — Berhasil
  ✅ [342/371] kevinjk2o    — Berhasil
  ✅ [343/371] liamk2g9     — Berhasil
  ✅ [341/371] chloeiwas    — Berhasil
  ✅ [346/371] nicolasro87  — Berhasil
  ✅ [348/371] viktor2cac   — Berhasil
  ✅ [349/371] alextdgo     — Berhasil
  ✅ [347/371] alex5ip3     — Berhasil
  ✅ [350/371] nicolaswdw7  — Berhasil
  ✅ [351/371] rayhan15nh   — Berhasil
  ✅ [354/371] kenjinyuv    — Berhasil
  ✅ [355/371] kenjiac7z    — Berhasil
  ✅ [353/371] miau54y      — Berhasil
  ✅ [352/371] kenjighuq    — Berhasil
  ✅ [356/371] kenjittqv    — Berhasil
  ✅ [358/371] sotapncy     — Berhasil
  ✅ [357/371] rayhan11lq   — Berhasil
  ✅ [359/371] viktor0img   — Berhasil
  ✅ [360/371] alexnas2     — Berhasil
  ✅ [362/371] sotamhlp     — Berhasil
  ✅ [363/371] dimas7brz    — Berhasil
  ✅ [361/371] rayhaniyeo   — Berhasil
  ✅ [364/371] elena9sxc    — Berhasil
  ✅ [365/371] viktorgcqw   — Berhasil
  ✅ [369/371] kenjie2ai    — Berhasil
  ✅ [367/371] mias8yh      — Berhasil
  ✅ [370/371] oliver0cud   — Berhasil
  ✅ [366/371] miavz98      — Berhasil
  ✅ [368/371] alexmfya     — Berhasil
  ✅ [371/371] elena24i8    — Berhasil

💾 Token baru telah disimpan ke data/accounts.json (Total akun aman: 372)

══════════════════════════════════════════════════════════
  📊 SUMMARY
══════════════════════════════════════════════════════════
  ✅ Berhasil : 371
  ❌ Gagal    : 0
  ⏱️  Waktu    : 53.3s
══════════════════════════════════════════════════════════
